TN:
SF:src\components\ui\button.tsx
FN:39,(anonymous_0)
FNF:1
FNH:1
FNDA:48,(anonymous_0)
DA:6,1
DA:38,1
DA:40,48
DA:41,48
DA:44,1
LF:5
LH:5
BRDA:39,0,0,48
BRDA:40,1,0,0
BRDA:40,1,1,48
BRF:3
BRH:2
end_of_record
TN:
SF:src\components\ui\card.tsx
FN:5,(anonymous_0)
FN:16,(anonymous_1)
FN:23,(anonymous_2)
FN:30,(anonymous_3)
FN:37,(anonymous_4)
FN:42,(anonymous_5)
FNF:6
FNH:4
FNDA:24,(anonymous_0)
FNDA:24,(anonymous_1)
FNDA:24,(anonymous_2)
FNDA:0,(anonymous_3)
FNDA:24,(anonymous_4)
FNDA:0,(anonymous_5)
DA:4,1
DA:6,24
DA:13,1
DA:15,1
DA:17,24
DA:20,1
DA:22,1
DA:24,24
DA:27,1
DA:29,1
DA:31,0
DA:34,1
DA:36,1
DA:37,24
DA:39,1
DA:41,1
DA:43,0
DA:46,1
LF:18
LH:16
BRF:0
BRH:0
end_of_record
TN:
SF:src\components\ui\checkbox.tsx
FN:9,(anonymous_0)
FNF:1
FNH:1
FNDA:27,(anonymous_0)
DA:6,2
DA:10,27
DA:23,2
LF:3
LH:3
BRF:0
BRH:0
end_of_record
TN:
SF:src\components\ui\input.tsx
FN:6,(anonymous_0)
FNF:1
FNH:1
FNDA:150,(anonymous_0)
DA:6,2
DA:7,150
DA:19,2
LF:3
LH:3
BRF:0
BRH:0
end_of_record
TN:
SF:src\components\ui\label.tsx
FN:13,(anonymous_0)
FNF:1
FNH:1
FNDA:402,(anonymous_0)
DA:6,2
DA:10,2
DA:14,402
DA:16,2
LF:4
LH:4
BRF:0
BRH:0
end_of_record
TN:
SF:src\components\ui\select.tsx
FN:16,(anonymous_0)
FN:36,(anonymous_1)
FN:53,(anonymous_2)
FN:71,(anonymous_3)
FN:103,(anonymous_4)
FN:115,(anonymous_5)
FN:138,(anonymous_6)
FNF:7
FNH:5
FNDA:150,(anonymous_0)
FNDA:171,(anonymous_1)
FNDA:171,(anonymous_2)
FNDA:150,(anonymous_3)
FNDA:0,(anonymous_4)
FNDA:182,(anonymous_5)
FNDA:0,(anonymous_6)
DA:7,2
DA:9,2
DA:11,2
DA:13,2
DA:17,150
DA:31,2
DA:33,2
DA:37,171
DA:48,2
DA:50,2
DA:54,171
DA:65,2
DA:68,2
DA:72,150
DA:98,2
DA:100,2
DA:104,0
DA:110,2
DA:112,2
DA:116,182
DA:133,2
DA:135,2
DA:139,0
DA:145,2
LF:24
LH:22
BRDA:71,0,0,150
BRDA:77,1,0,150
BRDA:77,1,1,150
BRDA:88,2,0,150
BRDA:88,2,1,150
BRF:5
BRH:5
end_of_record
TN:
SF:src\components\ui\stepper.tsx
FN:15,(anonymous_0)
FN:16,(anonymous_1)
FN:25,(anonymous_2)
FN:35,(anonymous_3)
FNF:4
FNH:4
FNDA:32,(anonymous_0)
FNDA:3,(anonymous_1)
FNDA:128,(anonymous_2)
FNDA:3,(anonymous_3)
DA:15,2
DA:16,32
DA:17,3
DA:18,3
DA:22,32
DA:26,128
DA:27,128
DA:28,128
DA:30,128
DA:35,3
LF:10
LH:10
BRDA:17,0,0,3
BRDA:17,0,1,0
BRDA:37,1,0,32
BRDA:37,1,1,96
BRDA:40,2,0,128
BRDA:40,2,1,11
BRDA:41,3,0,128
BRDA:41,3,1,32
BRDA:42,4,0,128
BRDA:42,4,1,85
BRDA:45,5,0,11
BRDA:45,5,1,117
BRDA:54,6,0,128
BRDA:54,6,1,117
BRDA:54,6,2,43
BRDA:56,7,0,128
BRDA:56,7,1,85
BRDA:61,8,0,128
BRDA:61,8,1,128
BRDA:64,9,0,128
BRDA:64,9,1,117
BRDA:64,9,2,43
BRDA:66,10,0,128
BRDA:66,10,1,85
BRDA:74,11,0,128
BRDA:74,11,1,96
BRDA:78,12,0,11
BRDA:78,12,1,85
BRF:28
BRH:27
end_of_record
TN:
SF:src\features\enrollments\types.ts
FNF:0
FNH:0
DA:25,3
DA:34,3
LF:2
LH:2
BRF:0
BRH:0
end_of_record
TN:
SF:src\features\enrollments\components\EnrollmentStepper.tsx
FN:18,(anonymous_0)
FN:21,(anonymous_1)
FN:27,(anonymous_2)
FN:33,(anonymous_3)
FN:37,(anonymous_4)
FN:44,(anonymous_5)
FN:93,(anonymous_6)
FNF:7
FNH:6
FNDA:24,(anonymous_0)
FNDA:3,(anonymous_1)
FNDA:1,(anonymous_2)
FNDA:0,(anonymous_3)
FNDA:24,(anonymous_4)
FNDA:24,(anonymous_5)
FNDA:8,(anonymous_6)
DA:11,1
DA:18,1
DA:19,24
DA:21,24
DA:22,3
DA:23,3
DA:27,24
DA:28,1
DA:29,1
DA:33,24
DA:34,0
DA:37,24
DA:38,24
DA:39,21
DA:41,3
DA:44,24
DA:45,24
DA:47,21
DA:49,3
DA:51,0
DA:53,0
DA:55,0
DA:59,24
DA:93,1
DA:94,8
LF:25
LH:21
BRDA:22,0,0,3
BRDA:22,0,1,0
BRDA:28,1,0,1
BRDA:28,1,1,0
BRDA:38,2,0,21
BRDA:38,2,1,3
BRDA:45,3,0,21
BRDA:45,3,1,3
BRDA:45,3,2,0
BRDA:45,3,3,0
BRDA:45,3,4,0
BRDA:83,4,0,24
BRDA:83,4,1,8
BRDA:85,5,0,0
BRDA:85,5,1,24
BRF:15
BRH:9
end_of_record
TN:
SF:src\features\enrollments\components\Step1LessonDetails.tsx
FN:20,(anonymous_0)
FN:26,(anonymous_1)
FN:31,(anonymous_2)
FN:34,(anonymous_3)
FN:35,(anonymous_4)
FN:38,(anonymous_5)
FN:40,(anonymous_6)
FN:48,(anonymous_7)
FN:55,(anonymous_8)
FN:62,(anonymous_9)
FN:64,(anonymous_10)
FN:72,(anonymous_11)
FN:78,(anonymous_12)
FN:82,(anonymous_13)
FN:86,(anonymous_14)
FN:90,(anonymous_15)
FN:94,(anonymous_16)
FN:98,(anonymous_17)
FN:116,(anonymous_18)
FN:137,(anonymous_19)
FN:212,(anonymous_20)
FN:223,(anonymous_21)
FNF:22
FNH:20
FNDA:75,(anonymous_0)
FNDA:28,(anonymous_1)
FNDA:28,(anonymous_2)
FNDA:59,(anonymous_3)
FNDA:64,(anonymous_4)
FNDA:59,(anonymous_5)
FNDA:25,(anonymous_6)
FNDA:35,(anonymous_7)
FNDA:37,(anonymous_8)
FNDA:64,(anonymous_9)
FNDA:6,(anonymous_10)
FNDA:32,(anonymous_11)
FNDA:14,(anonymous_12)
FNDA:5,(anonymous_13)
FNDA:7,(anonymous_14)
FNDA:0,(anonymous_15)
FNDA:2,(anonymous_16)
FNDA:1,(anonymous_17)
FNDA:110,(anonymous_18)
FNDA:29,(anonymous_19)
FNDA:0,(anonymous_20)
FNDA:1,(anonymous_21)
DA:20,2
DA:21,75
DA:22,75
DA:24,75
DA:26,28
DA:29,75
DA:31,28
DA:34,75
DA:35,64
DA:38,75
DA:39,59
DA:40,25
DA:43,75
DA:44,75
DA:45,75
DA:46,75
DA:48,75
DA:49,35
DA:50,8
DA:51,8
DA:55,75
DA:56,37
DA:57,1
DA:62,75
DA:63,64
DA:64,6
DA:65,6
DA:66,0
DA:72,75
DA:73,32
DA:74,0
DA:78,75
DA:79,14
DA:82,75
DA:83,5
DA:86,75
DA:87,7
DA:90,75
DA:91,0
DA:94,75
DA:95,2
DA:98,75
DA:99,1
DA:102,75
DA:117,110
DA:138,29
DA:212,0
DA:223,1
LF:48
LH:44
BRDA:24,0,0,75
BRDA:29,1,0,75
BRDA:39,2,0,44
BRDA:39,2,1,15
BRDA:44,3,0,75
BRDA:44,3,1,29
BRDA:49,4,0,27
BRDA:49,4,1,8
BRDA:56,5,0,1
BRDA:56,5,1,36
BRDA:56,6,0,37
BRDA:56,6,1,2
BRDA:63,7,0,6
BRDA:63,7,1,58
BRDA:63,8,0,64
BRDA:63,8,1,20
BRDA:65,9,0,0
BRDA:65,9,1,6
BRDA:73,10,0,0
BRDA:73,10,1,32
BRDA:73,11,0,32
BRDA:73,11,1,2
BRDA:87,12,0,7
BRDA:87,12,1,0
BRDA:91,13,0,0
BRDA:91,13,1,0
BRDA:109,14,0,75
BRDA:109,14,1,46
BRDA:129,15,0,75
BRDA:129,15,1,64
BRDA:134,16,0,46
BRDA:134,16,1,29
BRDA:155,17,0,75
BRDA:155,17,1,65
BRDA:158,18,0,75
BRDA:158,18,1,10
BRDA:169,19,0,75
BRDA:169,19,1,2
BRDA:174,20,0,75
BRDA:174,20,1,74
BRDA:178,21,0,75
BRDA:178,21,1,65
BRDA:180,22,0,75
BRDA:180,22,1,3
BRDA:189,23,0,75
BRDA:189,23,1,27
BRF:46
BRH:41
end_of_record
TN:
SF:src\features\enrollments\components\StepPlaceholder.tsx
FN:5,(anonymous_0)
FNF:1
FNH:1
FNDA:3,(anonymous_0)
DA:5,1
DA:6,3
LF:2
LH:2
BRF:0
BRH:0
end_of_record
TN:
SF:src\features\enrollments\context\EnrollmentFormContext.tsx
FN:25,(anonymous_0)
FN:70,(anonymous_1)
FN:73,(anonymous_2)
FN:77,(anonymous_3)
FN:81,(anonymous_4)
FN:85,(anonymous_5)
FN:110,(anonymous_6)
FNF:7
FNH:7
FNDA:46,(anonymous_0)
FNDA:80,(anonymous_1)
FNDA:37,(anonymous_2)
FNDA:8,(anonymous_3)
FNDA:1,(anonymous_4)
FNDA:24,(anonymous_5)
FNDA:122,(anonymous_6)
DA:20,3
DA:25,3
DA:29,46
DA:31,37
DA:42,8
DA:47,1
DA:49,0
DA:62,3
DA:70,3
DA:71,80
DA:73,80
DA:74,37
DA:77,80
DA:78,8
DA:81,80
DA:82,1
DA:85,80
DA:86,24
DA:87,24
DA:94,80
DA:110,3
DA:111,122
DA:112,122
DA:113,4
DA:115,118
LF:25
LH:24
BRDA:29,0,0,37
BRDA:29,0,1,8
BRDA:29,0,2,1
BRDA:29,0,3,0
BRDA:88,1,0,24
BRDA:88,1,1,15
BRDA:88,1,2,10
BRDA:112,2,0,4
BRDA:112,2,1,118
BRF:9
BRH:8
end_of_record
TN:
SF:src\lib\utils.ts
FN:4,cn
FN:8,formatDate
FN:16,formatTime
FN:20,getDayName
FN:25,formatCurrency
FNF:5
FNH:2
FNDA:2204,cn
FNDA:0,formatDate
FNDA:0,formatTime
FNDA:8,getDayName
FNDA:0,formatCurrency
DA:5,2204
DA:9,0
DA:17,0
DA:21,8
DA:22,8
DA:26,0
LF:6
LH:3
BRDA:22,0,0,8
BRDA:22,0,1,0
BRF:2
BRH:1
end_of_record
TN:
SF:src\test\utils.tsx
FN:6,(anonymous_0)
FN:22,AllProviders
FN:31,(anonymous_2)
FNF:3
FNH:3
FNDA:35,(anonymous_0)
FNDA:35,AllProviders
FNDA:35,(anonymous_2)
DA:6,3
DA:7,35
DA:23,35
DA:24,35
DA:31,3
DA:33,35
LF:6
LH:6
BRF:0
BRH:0
end_of_record
