TN:
SF:src\services\api.ts
FN:26,(anonymous_0)
FN:33,(anonymous_1)
FN:38,(anonymous_2)
FN:39,(anonymous_3)
FN:74,(anonymous_4)
FN:79,(anonymous_5)
FN:92,(anonymous_6)
FN:100,(anonymous_7)
FN:105,(anonymous_8)
FN:110,(anonymous_9)
FN:115,(anonymous_10)
FN:120,(anonymous_11)
FN:125,(anonymous_12)
FN:129,(anonymous_13)
FN:134,(anonymous_14)
FN:139,(anonymous_15)
FN:147,(anonymous_16)
FN:152,(anonymous_17)
FN:157,(anonymous_18)
FN:162,(anonymous_19)
FN:167,(anonymous_20)
FN:172,(anonymous_21)
FN:176,(anonymous_22)
FN:185,(anonymous_23)
FN:190,(anonymous_24)
FN:195,(anonymous_25)
FN:200,(anonymous_26)
FN:208,(anonymous_27)
FN:213,(anonymous_28)
FN:218,(anonymous_29)
FN:223,(anonymous_30)
FN:228,(anonymous_31)
FN:232,(anonymous_32)
FN:237,(anonymous_33)
FN:245,(anonymous_34)
FN:250,(anonymous_35)
FN:255,(anonymous_36)
FN:260,(anonymous_37)
FN:265,(anonymous_38)
FN:273,(anonymous_39)
FN:278,(anonymous_40)
FN:283,(anonymous_41)
FN:288,(anonymous_42)
FN:293,(anonymous_43)
FN:297,(anonymous_44)
FN:302,(anonymous_45)
FN:308,(anonymous_46)
FN:313,(anonymous_47)
FN:318,(anonymous_48)
FN:323,(anonymous_49)
FN:331,(anonymous_50)
FN:336,(anonymous_51)
FN:341,(anonymous_52)
FN:346,(anonymous_53)
FN:351,(anonymous_54)
FN:356,(anonymous_55)
FN:360,(anonymous_56)
FN:365,(anonymous_57)
FN:375,(anonymous_58)
FN:387,(anonymous_59)
FN:392,(anonymous_60)
FN:397,(anonymous_61)
FN:402,(anonymous_62)
FN:407,(anonymous_63)
FN:412,(anonymous_64)
FN:416,(anonymous_65)
FN:421,(anonymous_66)
FN:429,(anonymous_67)
FN:434,(anonymous_68)
FN:439,(anonymous_69)
FN:444,(anonymous_70)
FN:449,(anonymous_71)
FN:454,(anonymous_72)
FN:468,(anonymous_73)
FN:473,(anonymous_74)
FN:478,(anonymous_75)
FN:483,(anonymous_76)
FN:497,(anonymous_77)
FN:502,(anonymous_78)
FN:507,(anonymous_79)
FN:515,(anonymous_80)
FN:520,(anonymous_81)
FN:525,(anonymous_82)
FN:530,(anonymous_83)
FN:535,(anonymous_84)
FN:540,(anonymous_85)
FNF:86
FNH:85
FNDA:98,(anonymous_0)
FNDA:0,(anonymous_1)
FNDA:91,(anonymous_2)
FNDA:7,(anonymous_3)
FNDA:1,(anonymous_4)
FNDA:3,(anonymous_5)
FNDA:1,(anonymous_6)
FNDA:2,(anonymous_7)
FNDA:1,(anonymous_8)
FNDA:1,(anonymous_9)
FNDA:1,(anonymous_10)
FNDA:1,(anonymous_11)
FNDA:1,(anonymous_12)
FNDA:1,(anonymous_13)
FNDA:1,(anonymous_14)
FNDA:1,(anonymous_15)
FNDA:2,(anonymous_16)
FNDA:1,(anonymous_17)
FNDA:1,(anonymous_18)
FNDA:1,(anonymous_19)
FNDA:1,(anonymous_20)
FNDA:1,(anonymous_21)
FNDA:2,(anonymous_22)
FNDA:2,(anonymous_23)
FNDA:1,(anonymous_24)
FNDA:1,(anonymous_25)
FNDA:1,(anonymous_26)
FNDA:1,(anonymous_27)
FNDA:1,(anonymous_28)
FNDA:1,(anonymous_29)
FNDA:1,(anonymous_30)
FNDA:1,(anonymous_31)
FNDA:1,(anonymous_32)
FNDA:1,(anonymous_33)
FNDA:1,(anonymous_34)
FNDA:1,(anonymous_35)
FNDA:1,(anonymous_36)
FNDA:1,(anonymous_37)
FNDA:1,(anonymous_38)
FNDA:2,(anonymous_39)
FNDA:1,(anonymous_40)
FNDA:1,(anonymous_41)
FNDA:1,(anonymous_42)
FNDA:1,(anonymous_43)
FNDA:1,(anonymous_44)
FNDA:1,(anonymous_45)
FNDA:1,(anonymous_46)
FNDA:1,(anonymous_47)
FNDA:1,(anonymous_48)
FNDA:1,(anonymous_49)
FNDA:1,(anonymous_50)
FNDA:1,(anonymous_51)
FNDA:1,(anonymous_52)
FNDA:1,(anonymous_53)
FNDA:1,(anonymous_54)
FNDA:1,(anonymous_55)
FNDA:1,(anonymous_56)
FNDA:1,(anonymous_57)
FNDA:1,(anonymous_58)
FNDA:1,(anonymous_59)
FNDA:1,(anonymous_60)
FNDA:1,(anonymous_61)
FNDA:1,(anonymous_62)
FNDA:1,(anonymous_63)
FNDA:1,(anonymous_64)
FNDA:1,(anonymous_65)
FNDA:1,(anonymous_66)
FNDA:1,(anonymous_67)
FNDA:1,(anonymous_68)
FNDA:1,(anonymous_69)
FNDA:1,(anonymous_70)
FNDA:1,(anonymous_71)
FNDA:1,(anonymous_72)
FNDA:1,(anonymous_73)
FNDA:1,(anonymous_74)
FNDA:1,(anonymous_75)
FNDA:1,(anonymous_76)
FNDA:1,(anonymous_77)
FNDA:1,(anonymous_78)
FNDA:1,(anonymous_79)
FNDA:1,(anonymous_80)
FNDA:1,(anonymous_81)
FNDA:1,(anonymous_82)
FNDA:1,(anonymous_83)
FNDA:1,(anonymous_84)
FNDA:1,(anonymous_85)
DA:15,1
DA:17,1
DA:25,1
DA:27,98
DA:28,98
DA:29,9
DA:31,98
DA:33,0
DA:37,1
DA:38,91
DA:40,7
DA:42,7
DA:43,3
DA:45,3
DA:46,2
DA:47,2
DA:51,1
DA:53,1
DA:54,1
DA:56,1
DA:57,1
DA:59,1
DA:61,1
DA:62,1
DA:63,1
DA:68,6
DA:73,1
DA:75,1
DA:76,1
DA:80,3
DA:81,3
DA:82,2
DA:83,2
DA:88,3
DA:89,3
DA:93,1
DA:94,1
DA:99,1
DA:101,2
DA:102,2
DA:106,1
DA:107,1
DA:111,1
DA:112,1
DA:116,1
DA:117,1
DA:121,1
DA:122,1
DA:126,1
DA:130,1
DA:131,1
DA:135,1
DA:136,1
DA:140,1
DA:141,1
DA:146,1
DA:148,2
DA:149,2
DA:153,1
DA:154,1
DA:158,1
DA:159,1
DA:163,1
DA:164,1
DA:168,1
DA:169,1
DA:173,1
DA:177,2
DA:178,2
DA:179,2
DA:184,1
DA:186,2
DA:187,2
DA:191,1
DA:192,1
DA:196,1
DA:197,1
DA:201,1
DA:202,1
DA:207,1
DA:209,1
DA:210,1
DA:214,1
DA:215,1
DA:219,1
DA:220,1
DA:224,1
DA:225,1
DA:229,1
DA:233,1
DA:234,1
DA:238,1
DA:239,1
DA:244,1
DA:246,1
DA:247,1
DA:251,1
DA:252,1
DA:256,1
DA:257,1
DA:261,1
DA:262,1
DA:266,1
DA:267,1
DA:272,1
DA:274,2
DA:275,2
DA:279,1
DA:280,1
DA:284,1
DA:285,1
DA:289,1
DA:290,1
DA:294,1
DA:298,1
DA:299,1
DA:303,1
DA:304,1
DA:309,1
DA:310,1
DA:314,1
DA:315,1
DA:319,1
DA:320,1
DA:324,1
DA:325,1
DA:330,1
DA:332,1
DA:333,1
DA:337,1
DA:338,1
DA:342,1
DA:343,1
DA:347,1
DA:348,1
DA:352,1
DA:353,1
DA:357,1
DA:361,1
DA:362,1
DA:366,1
DA:369,1
DA:374,1
DA:383,1
DA:384,1
DA:388,1
DA:389,1
DA:393,1
DA:394,1
DA:398,1
DA:399,1
DA:403,1
DA:404,1
DA:408,1
DA:409,1
DA:413,1
DA:417,1
DA:418,1
DA:422,1
DA:423,1
DA:428,1
DA:430,1
DA:431,1
DA:435,1
DA:436,1
DA:440,1
DA:441,1
DA:445,1
DA:446,1
DA:450,1
DA:451,1
DA:461,1
DA:462,1
DA:467,1
DA:469,1
DA:470,1
DA:474,1
DA:475,1
DA:479,1
DA:480,1
DA:484,1
DA:496,1
DA:498,1
DA:499,1
DA:503,1
DA:504,1
DA:508,1
DA:509,1
DA:514,1
DA:516,1
DA:517,1
DA:521,1
DA:522,1
DA:526,1
DA:527,1
DA:531,1
DA:532,1
DA:536,1
DA:537,1
DA:541,1
DA:542,1
LF:201
LH:200
BRDA:15,0,0,1
BRDA:15,0,1,1
BRDA:28,1,0,9
BRDA:28,1,1,89
BRDA:42,2,0,3
BRDA:42,2,1,4
BRDA:42,3,0,7
BRDA:42,3,1,4
BRDA:42,3,2,4
BRDA:45,4,0,2
BRDA:45,4,1,1
BRDA:81,5,0,2
BRDA:81,5,1,1
BRDA:177,6,0,1
BRDA:177,6,1,1
BRF:15
BRH:15
end_of_record
